<?xml version="1.0" encoding="UTF-8"?>
<testng-results ignored="0" total="1" passed="1" failed="0" skipped="0">
  <reporter-output>
  </reporter-output>
  <suite started-at="2023-08-18T11:37:43 IST" name="Bank Manager Suite" finished-at="2023-08-18T11:37:45 IST" duration-ms="2931">
    <groups>
    </groups>
    <test started-at="2023-08-18T11:37:43 IST" name="Bank Manager Test" finished-at="2023-08-18T11:37:45 IST" duration-ms="2931">
      <class name="rough.testTest">
        <test-method is-config="true" signature="setUp()[pri:0, instance:rough.testTest@2657d4dd]" started-at="2023-08-18T11:37:42 IST" name="setUp" finished-at="2023-08-18T11:37:43 IST" duration-ms="27" status="PASS">
          <reporter-output>
          </reporter-output>
        </test-method> <!-- setUp -->
        <test-method is-config="true" signature="setup()[pri:0, instance:rough.testTest@2657d4dd]" started-at="2023-08-18T11:37:43 IST" name="setup" finished-at="2023-08-18T11:37:45 IST" duration-ms="2710" status="PASS">
          <reporter-output>
          </reporter-output>
        </test-method> <!-- setup -->
        <test-method signature="dumyyTest()[pri:0, instance:rough.testTest@2657d4dd]" started-at="2023-08-18T11:37:45 IST" name="dumyyTest" finished-at="2023-08-18T11:37:45 IST" duration-ms="194" status="PASS">
          <reporter-output>
          </reporter-output>
        </test-method> <!-- dumyyTest -->
      </class> <!-- rough.testTest -->
    </test> <!-- Bank Manager Test -->
  </suite> <!-- Bank Manager Suite -->
</testng-results>
